<?xml version="1.0" encoding="UTF-8"?>
<!-- Generated by org.testng.reporters.JUnitReportReporter -->
<testsuite skipped="0" hostname="AJAMPANA-IN" name="com.tc.groupcustomer.GC_GroupCustomerQuote" tests="1" failures="0" timestamp="27 May 2020 06:40:03 GMT" time="28.932" errors="0">
  <testcase name="TC1" time="28.932" classname="com.tc.groupcustomer.GC_GroupCustomerQuote"/>
</testsuite> <!-- com.tc.groupcustomer.GC_GroupCustomerQuote -->
