<?xml version="1.0" encoding="UTF-8"?>
<!-- Generated by org.testng.reporters.JUnitReportReporter -->
<testsuite skipped="0" hostname="AJAMPANA-IN" name="com.tc.ActionEvents.Static" tests="3" failures="0" timestamp="17 Sep 2020 05:45:40 GMT" time="0.014" errors="0">
  <testcase name="TC01" time="0.012" classname="com.tc.ActionEvents.Static"/>
  <testcase name="TC02" time="0.002" classname="com.tc.ActionEvents.Static"/>
  <testcase name="TC03" time="0.000" classname="com.tc.ActionEvents.Static"/>
</testsuite> <!-- com.tc.ActionEvents.Static -->
