<?xml version="1.0" encoding="UTF-8"?>
<!-- Generated by org.testng.reporters.JUnitReportReporter -->
<testsuite skipped="0" hostname="AJAMPANA-IN" name="com.tc.ActionEvents.TestNGExplnation" tests="3" failures="0" timestamp="17 Sep 2020 11:02:21 GMT" time="0.011" errors="0">
  <testcase name="Tc3" time="0.000" classname="com.tc.ActionEvents.TestNGExplnation"/>
  <testcase name="Tc4" time="0.001" classname="com.tc.ActionEvents.TestNGExplnation"/>
  <testcase name="Tc2" time="0.010" classname="com.tc.ActionEvents.TestNGExplnation"/>
</testsuite> <!-- com.tc.ActionEvents.TestNGExplnation -->
